{
  "RSpec": {
    "coverage": {
      "/home/cedric/dev/moskitohero/zed-test-toggle/lib/zed-test-toggle.rb": {
        "lines": [
          1
        ]
      },
      "/home/cedric/dev/moskitohero/zed-test-toggle/lib/zed_test_toggle.rb": {
        "lines": [
          null,
          null,
          1,
          1,
          null,
          1,
          1,
          null,
          1,
          1,
          1,
          null
        ]
      },
      "/home/cedric/dev/moskitohero/zed-test-toggle/lib/zed_test_toggle/version.rb": {
        "lines": [
          null,
          null,
          1,
          1,
          null
        ]
      },
      "/home/cedric/dev/moskitohero/zed-test-toggle/lib/zed_test_toggle/cli/cli.rb": {
        "lines": [
          null,
          null,
          1,
          null,
          1,
          null,
          1,
          1,
          3,
          null,
          2,
          2,
          null,
          null,
          1,
          1,
          null,
          null,
          1,
          1,
          1,
          1,
          0,
          0,
          null,
          null,
          null
        ]
      },
      "/home/cedric/dev/moskitohero/zed-test-toggle/spec/lib/zed_test_toggle/project_spec.rb": {
        "lines": [
          null,
          null,
          1,
          null,
          1,
          2,
          null,
          16,
          null,
          2,
          null,
          1,
          3,
          null,
          2,
          null,
          1,
          2,
          null,
          2,
          null,
          null,
          null,
          1,
          4,
          null,
          2,
          null,
          1,
          2,
          null,
          2,
          null,
          null,
          1,
          2,
          null,
          null,
          null,
          1,
          3,
          null,
          3,
          null,
          2,
          null,
          2,
          null,
          2,
          null,
          null,
          1,
          3,
          null,
          1,
          2,
          null,
          2,
          null,
          null,
          1,
          2,
          null,
          2,
          null,
          null,
          null,
          1,
          5,
          null,
          1,
          3,
          null,
          2,
          2,
          null,
          null,
          1,
          3,
          null,
          2,
          2,
          null,
          null,
          null,
          1,
          3,
          null,
          3,
          null,
          1,
          2,
          null,
          2,
          null,
          null,
          1,
          2,
          null,
          2,
          null,
          null,
          null
        ]
      },
      "/home/cedric/dev/moskitohero/zed-test-toggle/lib/zed_test_toggle/project.rb": {
        "lines": [
          null,
          null,
          1,
          1,
          1,
          null,
          1,
          16,
          null,
          null,
          1,
          3,
          1,
          null,
          2,
          null,
          null,
          null,
          1,
          2,
          null,
          null,
          1,
          2,
          null,
          null,
          1,
          4,
          2,
          null,
          2,
          null,
          null,
          null,
          1,
          2,
          null,
          null,
          1,
          null,
          1,
          2,
          null,
          null,
          1,
          2,
          null,
          null,
          1,
          0,
          null,
          null,
          1,
          0,
          null,
          null,
          null
        ]
      },
      "/home/cedric/dev/moskitohero/zed-test-toggle/spec/lib/zed_test_toggle/source_file_spec.rb": {
        "lines": [
          null,
          null,
          1,
          null,
          1,
          null
        ]
      },
      "/home/cedric/dev/moskitohero/zed-test-toggle/lib/zed_test_toggle/source_file.rb": {
        "lines": [
          null,
          null,
          1,
          1,
          1,
          null,
          1,
          0,
          0,
          null,
          null,
          1,
          null,
          1,
          0,
          null,
          null,
          1,
          null,
          1,
          null,
          1,
          0,
          0,
          null,
          null,
          null,
          1,
          0,
          0,
          0,
          0,
          0,
          null,
          0,
          null,
          null,
          null,
          null,
          null,
          null,
          1,
          0,
          0,
          0,
          0,
          0,
          null,
          0,
          null,
          null,
          null,
          null,
          null,
          null
        ]
      },
      "/home/cedric/dev/moskitohero/zed-test-toggle/spec/lib/zed_test_toggle_spec.rb": {
        "lines": [
          null,
          null,
          1,
          null,
          1,
          1,
          2,
          null,
          2,
          null,
          null
        ]
      }
    },
    "timestamp": 1744887678
  }
}
